           1  0.18511262832018621        1329.9783408861476        1.3995088217435308E-010   0.0000000000000000        1.2257919975364631E-005   2.0429866625607723E-005
           2  0.40896487849167584        1329.9868499290578        1.4664774105258200E-010   0.0000000000000000        2.5129165011891879E-005   4.1881941686486473E-005
           3  0.64071635842660901        1330.0041345007171        1.2263159061667713E-010   0.0000000000000000        3.8884217720267137E-005   6.4807029533778585E-005
           4  0.89271278829697487        1330.0212309541080        1.6266795354132888E-010   0.0000000000000000        5.3953281617668574E-005   8.9922136029447632E-005
           5   1.1764289508546950        1330.0364109554666        1.0574302040405795E-010   0.0000000000000000        7.0975966715569022E-005   1.1829327785928173E-004
           6   1.5078556814190747        1330.0632073786496        1.8167318637413136E-010   0.0000000000000000        9.0903220531691602E-005   1.5150536755281936E-004
           7   1.9104353122480218        1330.0809821327621        8.3416670883459317E-011   0.0000000000000000        1.1514887519067945E-004   1.9191479198446581E-004
           8   2.4188665025497005        1330.1245249769083        2.0881846172213748E-010   0.0000000000000000        1.4581496181351297E-004   2.4302493635585499E-004
           9   3.0846380410801126        1330.1525247993861        5.0607351916426947E-011   0.0000000000000000        1.8602669926921829E-004   3.1004449878203053E-004
          10   3.9842237415153998        1330.2284803420941        2.4810799254783258E-010   0.0000000000000000        2.4043054254213530E-004   4.0071757090355889E-004
          11   5.2312628160215873        1330.2842689477568        4.6035587765383054E-012   0.0000000000000000        3.1593466185210684E-004   5.2655776975351156E-004
          12   6.9946761085289166        1330.4251634820594        3.0078882915285503E-010   0.0000000000000000        4.2280985847605588E-004   7.0468309746009327E-004
          13   9.5256069301248978        1330.5502293963216       -5.3848042320773392E-011   0.0000000000000000        5.7632636396777860E-004   9.6054393994629778E-004
          14   13.197474284197156        1330.8242247106293        3.6447541308027092E-010   0.0000000000000000        7.9918737016397134E-004   1.3319789502732856E-003
          15   18.565512390854327        1331.1135432014594       -1.2159305633770998E-010   0.0000000000000000        1.1251471078212501E-003   1.8752451797020837E-003
          16   26.455277593505464        1331.6666352120421        4.3615720724819561E-010   0.0000000000000000        1.6043900665112256E-003   2.6739834441853764E-003
          17   38.094224807060378        1332.3311366364467       -1.9604651136616814E-010   0.0000000000000000        2.3115286114725690E-003   3.8525476857876155E-003
          18   55.307323541232229        1333.4782017948041        5.1451294307291361E-010   0.0000000000000000        3.3574935321589584E-003   5.5958225535982647E-003
          19   80.807890934310208        1334.9752349943146       -2.7674864710870627E-010   0.0000000000000000        4.9072124516185804E-003   8.1786874193643024E-003
          20   118.62999322797710        1337.3859974526329        6.0060896634267223E-010   0.0000000000000000        7.2058934043230712E-003   1.2009822340538455E-002
          21   174.77132704795412        1340.6754488303754       -3.6508515942925006E-010   0.0000000000000000        1.0618102246847453E-002   1.7696837078079092E-002
          22   258.14903382500717        1345.7159352866308        6.9768936050005760E-010   0.0000000000000000        1.5685861446223297E-002   2.6143102410372168E-002
          23   382.02077040224816        1352.6839985507029       -4.6385052829464303E-010   0.0000000000000000        2.3215029119628753E-002   3.8691715199381256E-002
          24   566.09750376711133        1362.8838292241137        8.1164842766823919E-010   0.0000000000000000        3.4403724061988439E-002   5.7339540103314074E-002
          25   839.68473385636719        1376.7303119016146       -5.7754385862982090E-010   0.0000000000000000        5.1033263128157820E-002   8.5055438546929721E-002
          26   1246.3527430942104        1395.8337194193921        9.5245754656506807E-010   0.0000000000000000        7.5752039574994240E-002  0.12625339929165708     
          27   1850.8801436418066        1420.3587172515399       -7.1264369774851247E-010   0.0000000000000000       0.11249758244111242       0.18749597073518737     
          28   2749.5772759021070        1451.3524186567377        1.1347528713857285E-009   0.0000000000000000       0.16712405816867115       0.27854009694778531     
          29   4085.6346395361702        1487.5300185246729       -8.7452294786445014E-010   0.0000000000000000       0.24833521583390730       0.41389202638984557     
          30   6071.9423491395810        1528.5491127918742        1.3752327089632194E-009   0.0000000000000000       0.36907145416490272       0.61511909027483802     
          31   9025.0172214796512        1571.9233722787990       -1.0579607856771646E-009   0.0000000000000000       0.54857205933305486       0.91428676555509170     
          32   13415.444261312388        1617.3280017871987        1.6952579530319110E-009   0.0000000000000000       0.81544126063321865        1.3590687677220314     
          33   19942.871118640363        1661.2235994519403       -1.2352769386901203E-009   0.0000000000000000        1.2122067239186645        2.0203445398644413     
          34   29647.506957777478        1700.1693326472689        2.1337391850605762E-009   0.0000000000000000        1.8020969439788934        3.0034949066314898     
          35   44075.894679207689        1727.3007678673191       -1.3120735627854969E-009   0.0000000000000000        2.6791176103605481        4.4651960172675809     
          36   65527.374670971272        1743.1696110821215        2.7747462133867537E-009   0.0000000000000000        3.9830327597777795        6.6383879329629671     
          37   97420.517616719590        1751.3452063128823       -1.0863562070137295E-009   0.0000000000000000        5.9216381762181260        9.8693969603635434     
          38   144837.92267423347        1762.1538413118080        3.8523954013765475E-009   0.0000000000000000        8.8038766239157482        14.673127706526248     
          39   215336.20241345561        1776.1902976323338       -3.1674263825307614E-010   0.0000000000000000        13.089072299642474        21.815120499404124     
          40   320150.23720961617        1797.9893710225138        5.6638385236539080E-009   0.0000000000000000        19.460130719127303        32.433551198545508     
          41   475983.61426904664        1827.6643868121078        1.3241686852207026E-009   0.0000000000000000        28.932369487431654        48.220615812386100     
          42   707670.58337828587        1870.5812661594302        7.8599196690318482E-009   0.0000000000000000        43.015323694555740        71.692206157592921     
          43   1052133.7501335305        1928.5912935990186        3.1998976490752776E-009   0.0000000000000000        63.953311942464538        106.58885323744092     
          44   1564268.2217247020        2007.0961663219814        5.8858963030098006E-009   0.0000000000000000        95.083100643872228        158.47183440645375     
          45   2325689.9281419725        2109.0844195871896       -5.9942051427321978E-010   0.0000000000000000        141.36566551910181        235.60944253183635     
          46   3457742.2890295689        2238.1569583875198       -9.6915568199840340E-010   0.0000000000000000        210.17679409821702        350.29465683036176     
          47   5140834.0247528767        2396.4985784459777       -1.1219984108536502E-009   0.0000000000000000        312.48252305537193        520.80420509228668     
          48   7643189.8687115554        2585.9240528226496       -5.1296609819518252E-010   0.0000000000000000        464.58673314211114        774.31122190351869     
          49   11363596.018499609        2807.8353148025399       -1.9288341090078185E-010   0.0000000000000000        690.72940599072786        1151.2156766512135     
          50   16894952.425496761        3063.5559360386892       -6.8211001740235354E-011   0.0000000000000000        1026.9496122058276        1711.5826870097135     
          51   25118759.890049186        3354.5959437135634        5.1485630517610623E-010   0.0000000000000000        1526.8288531988455        2544.7147553314098     
          52   37345599.833529159        3682.7606902427210       -8.9545639105779753E-011   0.0000000000000000        2270.0300405082389        3783.3834008470658     
          53   55523994.210053854        4053.0611870249932        4.2848918167198192E-008   0.0000000000000000        3374.9929212037118        5624.9882020061877     
          54   82550925.975159466        4458.7195276160792       -2.8951264599109666E-008   0.0000000000000000        5017.8088471596966        8363.0147452661622     
