           1  0.18511262832018621        1344.2649669786590     
           2  0.40896487849167584        1344.2725664828201     
           3  0.64071635842660901        1344.2804339115585     
           4  0.89271278829697487        1344.2889883275448     
           5   1.1764289508546950        1344.2986191680782     
           6   1.5078556814190747        1344.3098690880583     
           7   1.9104353122480218        1344.3235335320553     
           8   2.4188665025497005        1344.3407897405743     
           9   3.0846380410801126        1344.3633842885213     
          10   3.9842237415153998        1344.3939106212524     
          11   5.2312628160215873        1344.4362211651598     
          12   6.9946761085289166        1344.4960393943916     
          13   9.5256069301248978        1344.5818681140058     
          14   13.197474284197156        1344.7063355739722     
          15   18.565512390854327        1344.8881871512565     
          16   26.455277593505464        1345.1552255129734     
          17   38.094224807060378        1345.5486364542760     
          18   55.307323541232229        1346.1293213240278     
          19   80.807890934310208        1346.9870957387977     
          20   118.62999322797710        1348.2538960073900     
          21   174.77132704795412        1350.1223994794750     
          22   258.14903382500717        1352.8715427449497     
          23   382.02077040224816        1356.8999140614212     
          24   566.09750376711133        1362.7660884709087     
          25   839.68473385636719        1371.2302219497567     
          26   1246.3527430942104        1383.2815850552229     
          27   1850.8801436418066        1400.1205909102498     
          28   2749.5772759021070        1423.0433799229143     
          29   4085.6346395361702        1453.1639613328157     
          30   6071.9423491395810        1490.9288404806955     
          31   9025.0172214796512        1535.4624296661577     
          32   13415.444261312388        1583.9389805589215     
          33   19942.871118640363        1631.3838165080365     
          34   29647.506957777478        1671.4946748609545     
          35   44075.894679207689        1698.9794895934904     
          36   65527.374670971272        1712.7794960840774     
          37   97420.517616719590        1717.1401482745591     
          38   144837.92267423347        1717.8489442316650     
          39   215336.20241345561        1717.9157955213916     
          40   320150.23720961617        1717.9551326220517     
          41   475983.61426904664        1718.0127577660205     
          42   707670.58337828587        1718.0984203647599     
          43   1052133.7501335305        1718.2257565002253     
          44   1564268.2217247020        1718.4150226072959     
          45   2325689.9281419725        1718.6963005739499     
          46   3457742.2890295689        1719.1142386618235     
          47   5140834.0247528767        1719.7350499485117     
          48   7643189.8687115554        1720.6568071993445     
          49   11363596.018499609        1722.0245079231599     
          50   16894952.425496761        1724.0519479927998     
          51   25118759.890049186        1727.0531092014246     
          52   37345599.833529159        1731.4864033478823     
          53   55523994.210053854        1738.0153617848009     
          54   82550925.975159466        1747.5884194325420     
